<?xml version="1.0" encoding="UTF-8"?>
<testng-results ignored="0" total="2" passed="2" failed="0" skipped="0">
  <reporter-output>
  </reporter-output>
  <suite started-at="2023-07-26T12:39:02 IST" name="Surefire suite" finished-at="2023-07-26T12:39:02 IST" duration-ms="21">
    <groups>
    </groups>
    <test started-at="2023-07-26T12:39:02 IST" name="Surefire test" finished-at="2023-07-26T12:39:02 IST" duration-ms="21">
      <class name="Yogi.Jenkinsid.MobileTest">
        <test-method signature="login()[pri:0, instance:Yogi.Jenkinsid.MobileTest@2362f559]" started-at="2023-07-26T12:39:02 IST" name="login" finished-at="2023-07-26T12:39:02 IST" duration-ms="2" status="PASS">
          <reporter-output>
          </reporter-output>
        </test-method> <!-- login -->
        <test-method signature="logout()[pri:0, instance:Yogi.Jenkinsid.MobileTest@2362f559]" started-at="2023-07-26T12:39:02 IST" name="logout" finished-at="2023-07-26T12:39:02 IST" duration-ms="0" status="PASS">
          <reporter-output>
          </reporter-output>
        </test-method> <!-- logout -->
      </class> <!-- Yogi.Jenkinsid.MobileTest -->
    </test> <!-- Surefire test -->
  </suite> <!-- Surefire suite -->
</testng-results>
